TN:
SF:/Users/edward67/Desktop/work/uxcore/uxcore-crumb/src/index.js
FNF:0
FNH:0
DA:11,1
LF:1
LH:1
BRF:0
BRH:0
end_of_record
TN:
SF:/Users/edward67/Desktop/work/uxcore/uxcore-crumb/src/Crumb.jsx
FN:3,_defaults
FN:5,_defineProperty
FN:7,_classCallCheck
FN:9,_possibleConstructorReturn
FN:11,_inherits
FN:25,(anonymous_6)
FN:28,Crumb
FN:34,render
FNF:8
FNH:8
FNDA:1,_defaults
FNDA:14,_defineProperty
FNDA:7,_classCallCheck
FNDA:7,_possibleConstructorReturn
FNDA:1,_inherits
FNDA:1,(anonymous_6)
FNDA:7,Crumb
FNDA:7,render
DA:3,5
DA:5,14
DA:7,7
DA:9,7
DA:11,1
DA:21,1
DA:22,1
DA:23,1
DA:25,1
DA:26,1
DA:28,1
DA:29,7
DA:31,7
DA:34,1
DA:35,7
DA:37,7
DA:39,7
DA:48,1
DA:51,1
DA:57,1
DA:70,1
DA:72,1
DA:74,1
LF:23
LH:23
BRDA:3,1,0,0
BRDA:3,1,1,5
BRDA:3,2,0,5
BRDA:3,2,1,5
BRDA:3,2,2,0
BRDA:5,3,0,0
BRDA:5,3,1,14
BRDA:7,4,0,0
BRDA:7,4,1,7
BRDA:9,5,0,0
BRDA:9,5,1,7
BRDA:9,6,0,0
BRDA:9,6,1,7
BRDA:9,7,0,7
BRDA:9,7,1,0
BRDA:9,7,2,0
BRDA:11,8,0,0
BRDA:11,8,1,1
BRDA:11,9,0,1
BRDA:11,9,1,0
BRDA:11,10,0,1
BRDA:11,10,1,1
BRDA:11,11,0,1
BRDA:11,11,1,0
BRDA:11,12,0,0
BRDA:11,12,1,1
BRF:26
BRH:14
end_of_record
